<?xml version="1.0" encoding="UTF-8"?>
<!-- Generated by org.testng.reporters.JUnitXMLReporter -->
<testsuite ignored="0" hostname="MacBook-Pro.local" failures="0" tests="6" name="NegativeTests Geocoding" time="4.441" errors="0" timestamp="2020-08-28T17:09:21 PDT">
  <testcase classname="geocoding_tests.GeocodingTests" name="getGeocodingWithNotExistedAddressTest" time="1.774"/>
  <testcase classname="geocoding_tests.GeocodingTests" name="negativeInvalidAddressParametersGeocodingTest" time="0.331"/>
  <testcase classname="geocoding_tests.GeocodingTests" name="negativeInvalidAddressParametersGeocodingTest" time="0.24"/>
  <testcase classname="geocoding_tests.GeocodingTests" name="negativeInvalidKeyParametersGeocodingTest" time="0.192"/>
  <testcase classname="geocoding_tests.GeocodingTests" name="negativeInvalidKeyParametersGeocodingTest" time="0.17"/>
  <testcase classname="geocoding_tests.GeocodingTests" name="positiveTest" time="0.742"/>
</testsuite> <!-- NegativeTests Geocoding -->
