<?xml version="1.0" encoding="UTF-8"?>
<!-- Generated by org.testng.reporters.JUnitXMLReporter -->
<testsuite ignored="0" hostname="MacBook-Pro.local" failures="0" tests="5" name="NegativeTests-CH" time="4.059" errors="0" timestamp="2020-08-28T14:49:16 PDT">
  <testcase classname="geocoding_tests.NegativeGeocodingTests" name="getGeocodingWithNotExistedAddressTest" time="2.026"/>
  <testcase classname="geocoding_tests.NegativeGeocodingTests" name="negativeInvalidAddressParametersGeocodingTest" time="0.311"/>
  <testcase classname="geocoding_tests.NegativeGeocodingTests" name="negativeInvalidAddressParametersGeocodingTest" time="0.227"/>
  <testcase classname="geocoding_tests.NegativeGeocodingTests" name="negativeInvalidKeyParametersGeocodingTest" time="0.165"/>
  <testcase classname="geocoding_tests.NegativeGeocodingTests" name="negativeInvalidKeyParametersGeocodingTest" time="0.163"/>
</testsuite> <!-- NegativeTests-CH -->
