<?xml version="1.0" encoding="UTF-8"?>
<!-- Generated by org.testng.reporters.JUnitXMLReporter -->
<testsuite ignored="0" hostname="MacBook-Pro.local" failures="1" tests="7" name="NegativeTests-CH" time="4.735" errors="0" timestamp="2020-08-26T21:50:24 PDT">
  <testcase classname="geocoding_tests.NegativeGeocodingTests" name="getGeocodingWithMissingAddressComponentsTest" time="1.618"/>
  <testcase classname="geocoding_tests.NegativeGeocodingTests" name="getGeocodingWithMissingAddressComponentsTest" time="0.842">
    <failure type="java.lang.AssertionError" message="The following asserts failed:
	location type is not as expected expected [GEOMETRIC_CENTER] but found [[GEOMETRIC_CENTER, GEOMETRIC_CENTER]]">
      <![CDATA[java.lang.AssertionError: The following asserts failed:
location type is not as expected expected [GEOMETRIC_CENTER] but found [[GEOMETRIC_CENTER, GEOMETRIC_CENTER]]
at geocoding_tests.NegativeGeocodingTests.getGeocodingWithMissingAddressComponentsTest(NegativeGeocodingTests.java:87)
at java.base/java.util.ArrayList.forEach(ArrayList.java:1541)
at java.base/java.util.concurrent.FutureTask.run(FutureTask.java:264)
at java.base/java.util.concurrent.ThreadPoolExecutor.runWorker(ThreadPoolExecutor.java:1128)
at java.base/java.util.concurrent.ThreadPoolExecutor$Worker.run(ThreadPoolExecutor.java:628)
at java.base/java.lang.Thread.run(Thread.java:834)
... Removed 20 stack frames]]>
    </failure>
  </testcase> <!-- getGeocodingWithMissingAddressComponentsTest -->
  <testcase classname="geocoding_tests.NegativeGeocodingTests" name="getGeocodingWithNotExistedAddressTest" time="0.573"/>
  <testcase classname="geocoding_tests.NegativeGeocodingTests" name="negativeMissingParametersGeocodingTest" time="0.263"/>
  <testcase classname="geocoding_tests.NegativeGeocodingTests" name="negativeMissingParametersGeocodingTest" time="0.192"/>
  <testcase classname="geocoding_tests.NegativeGeocodingTests" name="negativeMissingParametersGeocodingTest" time="0.182"/>
  <testcase classname="geocoding_tests.NegativeGeocodingTests" name="negativeMissingParametersGeocodingTest" time="0.171"/>
</testsuite> <!-- NegativeTests-CH -->
