<?xml version="1.0" encoding="UTF-8"?>
<!-- Generated by org.testng.reporters.JUnitXMLReporter -->
<testsuite ignored="2" hostname="MacBook-Pro.local" failures="0" tests="1" name="Default test" time="8.382" errors="0" timestamp="2020-08-27T23:55:47 PDT">
  <testcase classname="geocoding_tests.NegativeGeocodingTests" name="getGeocodingWithNotExistedAddressTest" time="7.376"/>
  <testcase classname="geocoding_tests.NegativeGeocodingTests" name="getGeocodingWithMissingAddressComponentsTest" time="0.0">
    <ignored/>
  </testcase> <!-- getGeocodingWithMissingAddressComponentsTest -->
  <testcase classname="geocoding_tests.NegativeGeocodingTests" name="negativeMissingParametersGeocodingTest" time="0.0">
    <ignored/>
  </testcase> <!-- negativeMissingParametersGeocodingTest -->
</testsuite> <!-- Default test -->
