<?xml version="1.0" encoding="UTF-8"?>
<!-- Generated by org.testng.reporters.JUnitXMLReporter -->
<testsuite ignored="2" hostname="MacBook-Pro.local" failures="0" tests="1" name="Default test" time="2.589" errors="0" timestamp="2020-08-26T20:16:05 PDT">
  <testcase classname="com.googleapi.maps.NegativeGeocodingTests" name="getGeocodingWithNotExistedAddressTest" time="1.788"/>
  <testcase classname="com.googleapi.maps.NegativeGeocodingTests" name="negativeMissingParametersGeocodingTest" time="0.0">
    <ignored/>
  </testcase> <!-- negativeMissingParametersGeocodingTest -->
  <testcase classname="com.googleapi.maps.NegativeGeocodingTests" name="getGeocodingWithMissingAddressComponentsTest" time="0.0">
    <ignored/>
  </testcase> <!-- getGeocodingWithMissingAddressComponentsTest -->
</testsuite> <!-- Default test -->
