<?xml version="1.0" encoding="UTF-8"?>
<!-- Generated by org.testng.reporters.JUnitXMLReporter -->
<testsuite ignored="0" hostname="MacBook-Pro.local" failures="0" tests="5" name="ReverseGeocoding Tests" time="3.606" errors="0" timestamp="2020-08-28T17:40:54 PDT">
  <testcase classname="reverse_geocoding_tests.ReverseGeocodingTests" name="negativeReverseGeocodingTest" time="1.624"/>
  <testcase classname="reverse_geocoding_tests.ReverseGeocodingTests" name="negativeReverseGeocodingTest" time="0.158"/>
  <testcase classname="reverse_geocoding_tests.ReverseGeocodingTests" name="negativeReverseGeocodingTest" time="0.163"/>
  <testcase classname="reverse_geocoding_tests.ReverseGeocodingTests" name="negativeReverseGeocodingTest" time="0.183"/>
  <testcase classname="reverse_geocoding_tests.ReverseGeocodingTests" name="positiveReverseTest" time="0.366"/>
</testsuite> <!-- ReverseGeocoding Tests -->
