<?xml version="1.0" encoding="UTF-8"?>
<!-- Generated by org.testng.reporters.JUnitXMLReporter -->
<testsuite ignored="3" hostname="MacBook-Pro.local" failures="0" tests="4" name="Smoke Tests" time="3.89" errors="0" timestamp="2020-08-29T23:34:16 PDT">
  <testcase classname="geocoding_tests.GeocodingTests" name="negativeInvalidKeyParametersGeocodingTest" time="1.967"/>
  <testcase classname="geocoding_tests.GeocodingTests" name="positiveTest" time="2.015"/>
  <testcase classname="reverse_geocoding_tests.ReverseGeocodingTests" name="positiveReverseTest" time="2.082"/>
  <testcase classname="geocoding_tests.GeocodingTests" name="negativeInvalidKeyParametersGeocodingTest" time="0.306"/>
  <testcase classname="geocoding_tests.GeocodingTests" name="emptyResultsTest" time="0.0">
    <ignored/>
  </testcase> <!-- emptyResultsTest -->
  <testcase classname="reverse_geocoding_tests.ReverseGeocodingTests" name="negativeReverseGeocodingTest" time="0.0">
    <ignored/>
  </testcase> <!-- negativeReverseGeocodingTest -->
  <testcase classname="geocoding_tests.GeocodingTests" name="negativeInvalidAddressParametersGeocodingTest" time="0.0">
    <ignored/>
  </testcase> <!-- negativeInvalidAddressParametersGeocodingTest -->
</testsuite> <!-- Smoke Tests -->
