<?xml version="1.0" encoding="UTF-8"?>
<!-- Generated by org.testng.reporters.JUnitXMLReporter -->
<testsuite ignored="3" hostname="MacBook-Pro.local" failures="0" tests="4" name="Smoke Tests" time="3.086" errors="0" timestamp="2020-08-28T17:38:51 PDT">
  <testcase classname="geocoding_tests.GeocodingTests" name="negativeInvalidKeyParametersGeocodingTest" time="1.614"/>
  <testcase classname="reverse_geocoding_tests.ReverseGeocodingTests" name="positiveReverseTest" time="1.782"/>
  <testcase classname="geocoding_tests.GeocodingTests" name="negativeInvalidKeyParametersGeocodingTest" time="0.206"/>
  <testcase classname="geocoding_tests.GeocodingTests" name="positiveTest" time="1.862"/>
  <testcase classname="geocoding_tests.GeocodingTests" name="getGeocodingWithNotExistedAddressTest" time="0.0">
    <ignored/>
  </testcase> <!-- getGeocodingWithNotExistedAddressTest -->
  <testcase classname="reverse_geocoding_tests.ReverseGeocodingTests" name="negativeReverseGeocodingTest" time="0.0">
    <ignored/>
  </testcase> <!-- negativeReverseGeocodingTest -->
  <testcase classname="geocoding_tests.GeocodingTests" name="negativeInvalidAddressParametersGeocodingTest" time="0.0">
    <ignored/>
  </testcase> <!-- negativeInvalidAddressParametersGeocodingTest -->
</testsuite> <!-- Smoke Tests -->
