<?xml version="1.0" encoding="UTF-8"?>
<!-- Generated by org.testng.reporters.JUnitXMLReporter -->
<testsuite ignored="0" hostname="MacBook-Pro.local" failures="0" tests="6" name="Geocoding Tests" time="4.321" errors="0" timestamp="2020-08-28T17:40:44 PDT">
  <testcase classname="geocoding_tests.GeocodingTests" name="getGeocodingWithNotExistedAddressTest" time="1.718"/>
  <testcase classname="geocoding_tests.GeocodingTests" name="negativeInvalidAddressParametersGeocodingTest" time="0.363"/>
  <testcase classname="geocoding_tests.GeocodingTests" name="negativeInvalidAddressParametersGeocodingTest" time="0.2"/>
  <testcase classname="geocoding_tests.GeocodingTests" name="negativeInvalidKeyParametersGeocodingTest" time="0.15"/>
  <testcase classname="geocoding_tests.GeocodingTests" name="negativeInvalidKeyParametersGeocodingTest" time="0.163"/>
  <testcase classname="geocoding_tests.GeocodingTests" name="positiveTest" time="0.736"/>
</testsuite> <!-- Geocoding Tests -->
