<?xml version="1.0" encoding="UTF-8"?>
<testng-results ignored="0" total="1" passed="1" failed="0" skipped="0">
  <reporter-output>
  </reporter-output>
  <suite started-at="2020-08-28T14:58:47 PDT" name="PositiveReverseGeocodingSuite" finished-at="2020-08-28T14:58:50 PDT" duration-ms="2666">
    <groups>
    </groups>
    <test started-at="2020-08-28T14:58:47 PDT" name="PositiveTests ReverseGeocoding" finished-at="2020-08-28T14:58:50 PDT" duration-ms="2666">
      <class name="reverse_geocoding_tests.PositiveReverseGeocodingTests">
        <test-method is-config="true" signature="setUP(org.testng.ITestContext)[pri:0, instance:reverse_geocoding_tests.PositiveReverseGeocodingTests@7c83dc97]" started-at="2020-08-28T14:58:48 PDT" name="setUP" finished-at="2020-08-28T14:58:48 PDT" duration-ms="425" status="PASS">
          <params>
            <param index="0">
              <value>
                <![CDATA[org.testng.TestRunner@1e683a3e]]>
              </value>
            </param>
          </params>
          <reporter-output>
          </reporter-output>
        </test-method> <!-- setUP -->
        <test-method signature="positiveReverseTest()[pri:0, instance:reverse_geocoding_tests.PositiveReverseGeocodingTests@7c83dc97]" started-at="2020-08-28T14:58:48 PDT" name="positiveReverseTest" finished-at="2020-08-28T14:58:50 PDT" duration-ms="1530" status="PASS">
          <reporter-output>
          </reporter-output>
        </test-method> <!-- positiveReverseTest -->
      </class> <!-- reverse_geocoding_tests.PositiveReverseGeocodingTests -->
    </test> <!-- PositiveTests ReverseGeocoding -->
  </suite> <!-- PositiveReverseGeocodingSuite -->
</testng-results>
