<?xml version="1.0" encoding="UTF-8"?>
<!-- Generated by org.testng.reporters.JUnitXMLReporter -->
<testsuite ignored="0" hostname="MacBook-Pro.local" failures="0" tests="4" name="NegativeTests ReverseGeocoding" time="3.283" errors="0" timestamp="2020-08-28T14:54:15 PDT">
  <testcase classname="reverse_geocoding_tests.NegativeReverseGeocodingTests" name="negativeReverseGeocodingTest" time="1.658"/>
  <testcase classname="reverse_geocoding_tests.NegativeReverseGeocodingTests" name="negativeReverseGeocodingTest" time="0.168"/>
  <testcase classname="reverse_geocoding_tests.NegativeReverseGeocodingTests" name="negativeReverseGeocodingTest" time="0.17"/>
  <testcase classname="reverse_geocoding_tests.NegativeReverseGeocodingTests" name="negativeReverseGeocodingTest" time="0.186"/>
</testsuite> <!-- NegativeTests ReverseGeocoding -->
