<?xml version="1.0" encoding="UTF-8"?>
<!-- Generated by org.testng.reporters.JUnitXMLReporter -->
<testsuite ignored="0" hostname="MacBook-Pro.local" failures="0" tests="11" name="Regression Tests" time="4.627" errors="0" timestamp="2020-08-29T23:29:55 PDT">
  <testcase classname="geocoding_tests.GeocodingTests" name="emptyResultsTest" time="1.724"/>
  <testcase classname="reverse_geocoding_tests.ReverseGeocodingTests" name="negativeReverseGeocodingTest" time="1.738"/>
  <testcase classname="reverse_geocoding_tests.ReverseGeocodingTests" name="negativeReverseGeocodingTest" time="0.21"/>
  <testcase classname="geocoding_tests.GeocodingTests" name="negativeInvalidAddressParametersGeocodingTest" time="0.32"/>
  <testcase classname="reverse_geocoding_tests.ReverseGeocodingTests" name="negativeReverseGeocodingTest" time="0.183"/>
  <testcase classname="reverse_geocoding_tests.ReverseGeocodingTests" name="negativeReverseGeocodingTest" time="0.181"/>
  <testcase classname="geocoding_tests.GeocodingTests" name="negativeInvalidAddressParametersGeocodingTest" time="0.644"/>
  <testcase classname="reverse_geocoding_tests.ReverseGeocodingTests" name="positiveReverseTest" time="0.566"/>
  <testcase classname="geocoding_tests.GeocodingTests" name="negativeInvalidKeyParametersGeocodingTest" time="0.235"/>
  <testcase classname="geocoding_tests.GeocodingTests" name="negativeInvalidKeyParametersGeocodingTest" time="0.2"/>
  <testcase classname="geocoding_tests.GeocodingTests" name="positiveTest" time="0.451"/>
</testsuite> <!-- Regression Tests -->
