<?xml version="1.0" encoding="UTF-8"?>
<!-- Generated by org.testng.reporters.JUnitXMLReporter -->
<testsuite ignored="0" hostname="MacBook-Pro.local" failures="0" tests="11" name="Regression Tests" time="3.782" errors="0" timestamp="2020-08-28T17:39:43 PDT">
  <testcase classname="reverse_geocoding_tests.ReverseGeocodingTests" name="negativeReverseGeocodingTest" time="1.397"/>
  <testcase classname="geocoding_tests.GeocodingTests" name="getGeocodingWithNotExistedAddressTest" time="1.4"/>
  <testcase classname="reverse_geocoding_tests.ReverseGeocodingTests" name="negativeReverseGeocodingTest" time="0.174"/>
  <testcase classname="geocoding_tests.GeocodingTests" name="negativeInvalidAddressParametersGeocodingTest" time="0.284"/>
  <testcase classname="reverse_geocoding_tests.ReverseGeocodingTests" name="negativeReverseGeocodingTest" time="0.16"/>
  <testcase classname="geocoding_tests.GeocodingTests" name="negativeInvalidAddressParametersGeocodingTest" time="0.195"/>
  <testcase classname="reverse_geocoding_tests.ReverseGeocodingTests" name="negativeReverseGeocodingTest" time="0.152"/>
  <testcase classname="geocoding_tests.GeocodingTests" name="negativeInvalidKeyParametersGeocodingTest" time="0.153"/>
  <testcase classname="geocoding_tests.GeocodingTests" name="negativeInvalidKeyParametersGeocodingTest" time="0.185"/>
  <testcase classname="reverse_geocoding_tests.ReverseGeocodingTests" name="positiveReverseTest" time="0.341"/>
  <testcase classname="geocoding_tests.GeocodingTests" name="positiveTest" time="0.665"/>
</testsuite> <!-- Regression Tests -->
